neurofeedback_vr/Temp/gradleOut/unityLibrary/build/intermediates/manifest_merge_blame_file/debug/manifest-merger-blame-debug-report.txt
1<?xml version="1.0" encoding="utf-8"?>
2<!-- GENERATED BY UNITY. REMOVE THIS COMMENT TO PREVENT OVERWRITING WHEN EXPORTING AGAIN -->
3<manifest xmlns:android="http://schemas.android.com/apk/res/android"
4    xmlns:tools="http://schemas.android.com/tools"
5    package="com.unity3d.player"
6    android:installLocation="auto"
7    android:versionCode="1"
8    android:versionName="0.1" >
9
10    <uses-sdk
11        android:minSdkVersion="23"
11-->src/main/AndroidManifest.xml
12        android:targetSdkVersion="30" />
12-->src/main/AndroidManifest.xml
13
14    <uses-feature android:glEsVersion="0x00030000" />
14-->src/main/AndroidManifest.xml:23:3-52
14-->src/main/AndroidManifest.xml:23:17-49
15
16    <uses-permission android:name="android.permission.INTERNET" />
16-->src/main/AndroidManifest.xml:24:3-65
16-->src/main/AndroidManifest.xml:24:20-62
17
18    <uses-feature
18-->src/main/AndroidManifest.xml:25:3-88
19        android:name="android.hardware.touchscreen"
19-->src/main/AndroidManifest.xml:25:17-60
20        android:required="false" />
20-->src/main/AndroidManifest.xml:25:61-85
21    <uses-feature
21-->src/main/AndroidManifest.xml:26:3-99
22        android:name="android.hardware.touchscreen.multitouch"
22-->src/main/AndroidManifest.xml:26:17-71
23        android:required="false" />
23-->src/main/AndroidManifest.xml:26:72-96
24    <uses-feature
24-->src/main/AndroidManifest.xml:27:3-108
25        android:name="android.hardware.touchscreen.multitouch.distinct"
25-->src/main/AndroidManifest.xml:27:17-80
26        android:required="false" />
26-->src/main/AndroidManifest.xml:27:81-105
27    <uses-feature
27-->src/main/AndroidManifest.xml:28:3-111
28        android:name="android.hardware.vr.headtracking"
28-->src/main/AndroidManifest.xml:28:17-64
29        android:required="true"
29-->src/main/AndroidManifest.xml:28:65-88
30        android:version="1" />
30-->src/main/AndroidManifest.xml:28:89-108
31
32    <application>
32-->src/main/AndroidManifest.xml:4:3-22:17
33        <activity
33-->src/main/AndroidManifest.xml:5:5-13:16
34            android:name="com.unity3d.player.UnityPlayerActivity"
34-->src/main/AndroidManifest.xml:5:15-68
35            android:configChanges="keyboard|keyboardHidden|navigation|orientation|screenLayout|screenSize|uiMode"
35-->src/main/AndroidManifest.xml:5:204-305
36            android:hardwareAccelerated="false"
36-->src/main/AndroidManifest.xml:5:341-376
37            android:launchMode="singleTask"
37-->src/main/AndroidManifest.xml:5:172-203
38            android:resizeableActivity="false"
38-->src/main/AndroidManifest.xml:5:306-340
39            android:screenOrientation="landscape"
39-->src/main/AndroidManifest.xml:5:134-171
40            android:theme="@android:style/Theme.Black.NoTitleBar.Fullscreen" >
40-->src/main/AndroidManifest.xml:5:69-133
41            <intent-filter>
41-->src/main/AndroidManifest.xml:6:7-10:23
42                <action android:name="android.intent.action.MAIN" />
42-->src/main/AndroidManifest.xml:7:9-61
42-->src/main/AndroidManifest.xml:7:17-58
43
44                <category android:name="android.intent.category.LAUNCHER" />
44-->src/main/AndroidManifest.xml:8:9-69
44-->src/main/AndroidManifest.xml:8:19-66
45                <category android:name="com.oculus.intent.category.VR" />
45-->src/main/AndroidManifest.xml:9:9-66
45-->src/main/AndroidManifest.xml:9:19-63
46            </intent-filter>
47
48            <meta-data
48-->src/main/AndroidManifest.xml:11:7-82
49                android:name="unityplayer.UnityActivity"
49-->src/main/AndroidManifest.xml:11:18-58
50                android:value="true" />
50-->src/main/AndroidManifest.xml:11:59-79
51            <meta-data
51-->src/main/AndroidManifest.xml:12:7-81
52                android:name="com.oculus.vr.focusaware"
52-->src/main/AndroidManifest.xml:12:18-57
53                android:value="true" />
53-->src/main/AndroidManifest.xml:12:58-78
54        </activity>
55
56        <meta-data
56-->src/main/AndroidManifest.xml:14:5-69
57            android:name="unity.splash-mode"
57-->src/main/AndroidManifest.xml:14:16-48
58            android:value="0" />
58-->src/main/AndroidManifest.xml:14:49-66
59        <meta-data
59-->src/main/AndroidManifest.xml:15:5-74
60            android:name="unity.splash-enable"
60-->src/main/AndroidManifest.xml:15:16-50
61            android:value="True" />
61-->src/main/AndroidManifest.xml:15:51-71
62        <meta-data
62-->src/main/AndroidManifest.xml:16:5-78
63            android:name="unity.launch-fullscreen"
63-->src/main/AndroidManifest.xml:16:16-54
64            android:value="True" />
64-->src/main/AndroidManifest.xml:16:55-75
65        <meta-data
65-->src/main/AndroidManifest.xml:17:5-84
66            android:name="unity.allow-resizable-window"
66-->src/main/AndroidManifest.xml:17:16-59
67            android:value="False" />
67-->src/main/AndroidManifest.xml:17:60-81
68        <meta-data
68-->src/main/AndroidManifest.xml:18:5-101
69            android:name="unity.build-id"
69-->src/main/AndroidManifest.xml:18:16-45
70            android:value="2e6306b0-0b61-4e4f-84b3-6fbe3e186ebc" />
70-->src/main/AndroidManifest.xml:18:46-98
71        <meta-data
71-->src/main/AndroidManifest.xml:19:5-97
72            android:name="com.samsung.android.vr.application.mode"
72-->src/main/AndroidManifest.xml:19:16-70
73            android:value="vr_only" />
73-->src/main/AndroidManifest.xml:19:71-94
74        <meta-data
74-->src/main/AndroidManifest.xml:20:5-91
75            android:name="com.unity.xr.oculus.LowOverheadMode"
75-->src/main/AndroidManifest.xml:20:16-66
76            android:value="false" />
76-->src/main/AndroidManifest.xml:20:67-88
77        <meta-data
77-->src/main/AndroidManifest.xml:21:5-90
78            android:name="com.oculus.supportedDevices"
78-->src/main/AndroidManifest.xml:21:16-58
79            android:value="quest|quest2" />
79-->src/main/AndroidManifest.xml:21:59-87
80    </application>
81
82</manifest>